c:\users\boygioi15\desktop\sdl vs\project2\x64\debug\vc143.pdb
c:\users\boygioi15\desktop\sdl vs\project2\x64\debug\vc143.idb
c:\users\boygioi15\desktop\sdl vs\project2\x64\debug\rgb.obj
c:\users\boygioi15\desktop\sdl vs\project2\x64\debug\01_hello_sdl.obj
c:\users\boygioi15\desktop\sdl vs\project2\x64\debug\source.obj
c:\users\boygioi15\desktop\sdl vs\project2\x64\debug\project2.pdb
c:\users\boygioi15\desktop\sdl vs\project2\x64\debug\01_hello_sdl.nativecodeanalysis.xml
c:\users\boygioi15\desktop\sdl vs\project2\x64\debug\source.nativecodeanalysis.xml
c:\users\boygioi15\desktop\sdl vs\project2\x64\debug\vc.nativecodeanalysis.all.xml
c:\users\boygioi15\desktop\sdl vs\project2\x64\debug\project2.tlog\cl.command.1.tlog
c:\users\boygioi15\desktop\sdl vs\project2\x64\debug\project2.tlog\cl.read.1.tlog
c:\users\boygioi15\desktop\sdl vs\project2\x64\debug\project2.tlog\cl.write.1.tlog
c:\users\boygioi15\desktop\sdl vs\project2\x64\debug\project2.tlog\link-cvtres.read.1.tlog
c:\users\boygioi15\desktop\sdl vs\project2\x64\debug\project2.tlog\link-cvtres.write.1.tlog
c:\users\boygioi15\desktop\sdl vs\project2\x64\debug\project2.tlog\link-rc.read.1.tlog
c:\users\boygioi15\desktop\sdl vs\project2\x64\debug\project2.tlog\link-rc.write.1.tlog
c:\users\boygioi15\desktop\sdl vs\project2\x64\debug\project2.tlog\link.27180-cvtres.read.1.tlog
c:\users\boygioi15\desktop\sdl vs\project2\x64\debug\project2.tlog\link.27180-cvtres.write.1.tlog
c:\users\boygioi15\desktop\sdl vs\project2\x64\debug\project2.tlog\link.27180-rc.read.1.tlog
c:\users\boygioi15\desktop\sdl vs\project2\x64\debug\project2.tlog\link.27180-rc.write.1.tlog
c:\users\boygioi15\desktop\sdl vs\project2\x64\debug\project2.tlog\link.27180.read.1.tlog
c:\users\boygioi15\desktop\sdl vs\project2\x64\debug\project2.tlog\link.27180.read.2.tlog
c:\users\boygioi15\desktop\sdl vs\project2\x64\debug\project2.tlog\link.27180.write.1.tlog
c:\users\boygioi15\desktop\sdl vs\project2\x64\debug\project2.tlog\link.command.1.tlog
c:\users\boygioi15\desktop\sdl vs\project2\x64\debug\project2.tlog\link.read.1.tlog
c:\users\boygioi15\desktop\sdl vs\project2\x64\debug\project2.tlog\link.read.3.tlog
c:\users\boygioi15\desktop\sdl vs\project2\x64\debug\project2.tlog\link.write.1.tlog
